2015/04/10 12:54:05 [error] [exception.CDbException] exception 'CDbException' with message 'CDbConnection failed to open the DB connection: SQLSTATE[HY000] [1045] Access denied for user 'root'@'localhost' (using password: NO)' in /home/atrubachev/web/yodezeen/framework/db/CDbConnection.php:382
Stack trace:
#0 /home/atrubachev/web/yodezeen/framework/db/CDbConnection.php(330): CDbConnection->open()
#1 /home/atrubachev/web/yodezeen/framework/db/CDbConnection.php(308): CDbConnection->setActive(true)
#2 /home/atrubachev/web/yodezeen/framework/base/CModule.php(387): CDbConnection->init()
#3 /home/atrubachev/web/yodezeen/framework/base/CModule.php(103): CModule->getComponent('db')
#4 /home/atrubachev/web/yodezeen/protected/models/Blocks.php(35): CModule->__get('db')
#5 /home/atrubachev/web/yodezeen/framework/db/ar/CActiveRecord.php(2360): Blocks->tableName()
#6 /home/atrubachev/web/yodezeen/framework/db/ar/CActiveRecord.php(411): CActiveRecordMetaData->__construct(Object(Blocks))
#7 /home/atrubachev/web/yodezeen/framework/db/ar/CActiveRecord.php(79): CActiveRecord->getMetaData()
#8 /home/atrubachev/web/yodezeen/protected/models/Blocks.php(8): CActiveRecord->__construct()
#9 /home/atrubachev/web/yodezeen/framework/db/ar/CActiveRecord.php(395): Blocks->__construct(NULL)
#10 /home/atrubachev/web/yodezeen/protected/models/Blocks.php(118): CActiveRecord::model('Blocks')
#11 /home/atrubachev/web/yodezeen/protected/controllers/SiteController.php(7): Blocks::model()
#12 /home/atrubachev/web/yodezeen/framework/web/actions/CInlineAction.php(49): SiteController->actionIndex()
#13 /home/atrubachev/web/yodezeen/framework/web/CController.php(308): CInlineAction->runWithParams(Array)
#14 /home/atrubachev/web/yodezeen/framework/web/CController.php(286): CController->runAction(Object(CInlineAction))
#15 /home/atrubachev/web/yodezeen/framework/web/CController.php(265): CController->runActionWithFilters(Object(CInlineAction), Array)
#16 /home/atrubachev/web/yodezeen/framework/web/CWebApplication.php(282): CController->run('')
#17 /home/atrubachev/web/yodezeen/framework/web/CWebApplication.php(141): CWebApplication->runController('')
#18 /home/atrubachev/web/yodezeen/framework/base/CApplication.php(180): CWebApplication->processRequest()
#19 /home/atrubachev/web/yodezeen/index.php(12): CApplication->run()
#20 {main}
REQUEST_URI=/
---
2015/04/10 12:55:55 [error] [exception.CDbException] exception 'CDbException' with message 'CDbConnection failed to open the DB connection: SQLSTATE[HY000] [1045] Access denied for user 'root'@'localhost' (using password: NO)' in /home/atrubachev/web/yodezeen/framework/db/CDbConnection.php:382
Stack trace:
#0 /home/atrubachev/web/yodezeen/framework/db/CDbConnection.php(330): CDbConnection->open()
#1 /home/atrubachev/web/yodezeen/framework/db/CDbConnection.php(308): CDbConnection->setActive(true)
#2 /home/atrubachev/web/yodezeen/framework/base/CModule.php(387): CDbConnection->init()
#3 /home/atrubachev/web/yodezeen/framework/base/CModule.php(103): CModule->getComponent('db')
#4 /home/atrubachev/web/yodezeen/protected/models/Blocks.php(35): CModule->__get('db')
#5 /home/atrubachev/web/yodezeen/framework/db/ar/CActiveRecord.php(2360): Blocks->tableName()
#6 /home/atrubachev/web/yodezeen/framework/db/ar/CActiveRecord.php(411): CActiveRecordMetaData->__construct(Object(Blocks))
#7 /home/atrubachev/web/yodezeen/framework/db/ar/CActiveRecord.php(79): CActiveRecord->getMetaData()
#8 /home/atrubachev/web/yodezeen/protected/models/Blocks.php(8): CActiveRecord->__construct()
#9 /home/atrubachev/web/yodezeen/framework/db/ar/CActiveRecord.php(395): Blocks->__construct(NULL)
#10 /home/atrubachev/web/yodezeen/protected/models/Blocks.php(118): CActiveRecord::model('Blocks')
#11 /home/atrubachev/web/yodezeen/protected/controllers/SiteController.php(7): Blocks::model()
#12 /home/atrubachev/web/yodezeen/framework/web/actions/CInlineAction.php(49): SiteController->actionIndex()
#13 /home/atrubachev/web/yodezeen/framework/web/CController.php(308): CInlineAction->runWithParams(Array)
#14 /home/atrubachev/web/yodezeen/framework/web/CController.php(286): CController->runAction(Object(CInlineAction))
#15 /home/atrubachev/web/yodezeen/framework/web/CController.php(265): CController->runActionWithFilters(Object(CInlineAction), Array)
#16 /home/atrubachev/web/yodezeen/framework/web/CWebApplication.php(282): CController->run('')
#17 /home/atrubachev/web/yodezeen/framework/web/CWebApplication.php(141): CWebApplication->runController('')
#18 /home/atrubachev/web/yodezeen/framework/base/CApplication.php(180): CWebApplication->processRequest()
#19 /home/atrubachev/web/yodezeen/index.php(12): CApplication->run()
#20 {main}
REQUEST_URI=/
---
2015/04/10 12:56:03 [error] [exception.CDbException] exception 'CDbException' with message 'CDbConnection failed to open the DB connection: SQLSTATE[HY000] [1045] Access denied for user 'root'@'localhost' (using password: NO)' in /home/atrubachev/web/yodezeen/framework/db/CDbConnection.php:382
Stack trace:
#0 /home/atrubachev/web/yodezeen/framework/db/CDbConnection.php(330): CDbConnection->open()
#1 /home/atrubachev/web/yodezeen/framework/db/CDbConnection.php(308): CDbConnection->setActive(true)
#2 /home/atrubachev/web/yodezeen/framework/base/CModule.php(387): CDbConnection->init()
#3 /home/atrubachev/web/yodezeen/framework/base/CModule.php(103): CModule->getComponent('db')
#4 /home/atrubachev/web/yodezeen/protected/models/Blocks.php(35): CModule->__get('db')
#5 /home/atrubachev/web/yodezeen/framework/db/ar/CActiveRecord.php(2360): Blocks->tableName()
#6 /home/atrubachev/web/yodezeen/framework/db/ar/CActiveRecord.php(411): CActiveRecordMetaData->__construct(Object(Blocks))
#7 /home/atrubachev/web/yodezeen/framework/db/ar/CActiveRecord.php(79): CActiveRecord->getMetaData()
#8 /home/atrubachev/web/yodezeen/protected/models/Blocks.php(8): CActiveRecord->__construct()
#9 /home/atrubachev/web/yodezeen/framework/db/ar/CActiveRecord.php(395): Blocks->__construct(NULL)
#10 /home/atrubachev/web/yodezeen/protected/models/Blocks.php(118): CActiveRecord::model('Blocks')
#11 /home/atrubachev/web/yodezeen/protected/controllers/SiteController.php(7): Blocks::model()
#12 /home/atrubachev/web/yodezeen/framework/web/actions/CInlineAction.php(49): SiteController->actionIndex()
#13 /home/atrubachev/web/yodezeen/framework/web/CController.php(308): CInlineAction->runWithParams(Array)
#14 /home/atrubachev/web/yodezeen/framework/web/CController.php(286): CController->runAction(Object(CInlineAction))
#15 /home/atrubachev/web/yodezeen/framework/web/CController.php(265): CController->runActionWithFilters(Object(CInlineAction), Array)
#16 /home/atrubachev/web/yodezeen/framework/web/CWebApplication.php(282): CController->run('')
#17 /home/atrubachev/web/yodezeen/framework/web/CWebApplication.php(141): CWebApplication->runController('')
#18 /home/atrubachev/web/yodezeen/framework/base/CApplication.php(180): CWebApplication->processRequest()
#19 /home/atrubachev/web/yodezeen/index.php(12): CApplication->run()
#20 {main}
REQUEST_URI=/
---
2015/04/10 12:56:25 [error] [exception.CHttpException.404] exception 'CHttpException' with message 'Unable to resolve the request "themes/front/video/mainpage.m4v".' in /home/atrubachev/web/yodezeen/framework/web/CWebApplication.php:286
Stack trace:
#0 /home/atrubachev/web/yodezeen/framework/web/CWebApplication.php(141): CWebApplication->runController('themes/front/vi...')
#1 /home/atrubachev/web/yodezeen/framework/base/CApplication.php(180): CWebApplication->processRequest()
#2 /home/atrubachev/web/yodezeen/index.php(12): CApplication->run()
#3 {main}
REQUEST_URI=/themes/front/video/mainpage.m4v
HTTP_REFERER=http://yodezeen.atrubachev.dev.gns-it.com/
---
2015/04/10 12:56:25 [error] [exception.CHttpException.404] exception 'CHttpException' with message 'Unable to resolve the request "uploads/team/20150401_27_TITUL.png".' in /home/atrubachev/web/yodezeen/framework/web/CWebApplication.php:286
Stack trace:
#0 /home/atrubachev/web/yodezeen/framework/web/CWebApplication.php(141): CWebApplication->runController('uploads/team/20...')
#1 /home/atrubachev/web/yodezeen/framework/base/CApplication.php(180): CWebApplication->processRequest()
#2 /home/atrubachev/web/yodezeen/index.php(12): CApplication->run()
#3 {main}
REQUEST_URI=/uploads/team/20150401_27_TITUL.png
HTTP_REFERER=http://yodezeen.atrubachev.dev.gns-it.com/
---
2015/04/10 12:56:25 [error] [exception.CHttpException.404] exception 'CHttpException' with message 'Unable to resolve the request "uploads/111.jpg".' in /home/atrubachev/web/yodezeen/framework/web/CWebApplication.php:286
Stack trace:
#0 /home/atrubachev/web/yodezeen/framework/web/CWebApplication.php(141): CWebApplication->runController('uploads/111.jpg')
#1 /home/atrubachev/web/yodezeen/framework/base/CApplication.php(180): CWebApplication->processRequest()
#2 /home/atrubachev/web/yodezeen/index.php(12): CApplication->run()
#3 {main}
REQUEST_URI=/uploads/111.jpg
HTTP_REFERER=http://yodezeen.atrubachev.dev.gns-it.com/
---
2015/04/10 12:56:25 [error] [exception.CHttpException.404] exception 'CHttpException' with message 'Unable to resolve the request "uploads/projects/20150402_808_008.jpg".' in /home/atrubachev/web/yodezeen/framework/web/CWebApplication.php:286
Stack trace:
#0 /home/atrubachev/web/yodezeen/framework/web/CWebApplication.php(141): CWebApplication->runController('uploads/project...')
#1 /home/atrubachev/web/yodezeen/framework/base/CApplication.php(180): CWebApplication->processRequest()
#2 /home/atrubachev/web/yodezeen/index.php(12): CApplication->run()
#3 {main}
REQUEST_URI=/uploads/projects/20150402_808_008.jpg
HTTP_REFERER=http://yodezeen.atrubachev.dev.gns-it.com/
---
2015/04/10 12:56:25 [error] [exception.CHttpException.404] exception 'CHttpException' with message 'Unable to resolve the request "themes/front/video/mainpage.webm".' in /home/atrubachev/web/yodezeen/framework/web/CWebApplication.php:286
Stack trace:
#0 /home/atrubachev/web/yodezeen/framework/web/CWebApplication.php(141): CWebApplication->runController('themes/front/vi...')
#1 /home/atrubachev/web/yodezeen/framework/base/CApplication.php(180): CWebApplication->processRequest()
#2 /home/atrubachev/web/yodezeen/index.php(12): CApplication->run()
#3 {main}
REQUEST_URI=/themes/front/video/mainpage.webm
HTTP_REFERER=http://yodezeen.atrubachev.dev.gns-it.com/
---
2015/04/10 12:56:25 [error] [exception.CHttpException.404] exception 'CHttpException' with message 'Unable to resolve the request "themes/front/video/mainpage.ogv".' in /home/atrubachev/web/yodezeen/framework/web/CWebApplication.php:286
Stack trace:
#0 /home/atrubachev/web/yodezeen/framework/web/CWebApplication.php(141): CWebApplication->runController('themes/front/vi...')
#1 /home/atrubachev/web/yodezeen/framework/base/CApplication.php(180): CWebApplication->processRequest()
#2 /home/atrubachev/web/yodezeen/index.php(12): CApplication->run()
#3 {main}
REQUEST_URI=/themes/front/video/mainpage.ogv
HTTP_REFERER=http://yodezeen.atrubachev.dev.gns-it.com/
---
2015/04/10 12:56:39 [error] [exception.CHttpException.404] exception 'CHttpException' with message 'Unable to resolve the request "uploads/projects/20150402_808_008.jpg".' in /home/atrubachev/web/yodezeen/framework/web/CWebApplication.php:286
Stack trace:
#0 /home/atrubachev/web/yodezeen/framework/web/CWebApplication.php(141): CWebApplication->runController('uploads/project...')
#1 /home/atrubachev/web/yodezeen/framework/base/CApplication.php(180): CWebApplication->processRequest()
#2 /home/atrubachev/web/yodezeen/index.php(12): CApplication->run()
#3 {main}
REQUEST_URI=/uploads/projects/20150402_808_008.jpg
HTTP_REFERER=http://yodezeen.atrubachev.dev.gns-it.com/architecture/
---
2015/04/10 12:56:39 [error] [exception.CHttpException.404] exception 'CHttpException' with message 'Unable to resolve the request "uploads/projects/20150409_601_111111111.jpg".' in /home/atrubachev/web/yodezeen/framework/web/CWebApplication.php:286
Stack trace:
#0 /home/atrubachev/web/yodezeen/framework/web/CWebApplication.php(141): CWebApplication->runController('uploads/project...')
#1 /home/atrubachev/web/yodezeen/framework/base/CApplication.php(180): CWebApplication->processRequest()
#2 /home/atrubachev/web/yodezeen/index.php(12): CApplication->run()
#3 {main}
REQUEST_URI=/uploads/projects/20150409_601_111111111.jpg
HTTP_REFERER=http://yodezeen.atrubachev.dev.gns-it.com/architecture/
---
2015/04/10 12:56:40 [error] [exception.CHttpException.404] exception 'CHttpException' with message 'Unable to resolve the request "themes/front/video/mainpage.m4v".' in /home/atrubachev/web/yodezeen/framework/web/CWebApplication.php:286
Stack trace:
#0 /home/atrubachev/web/yodezeen/framework/web/CWebApplication.php(141): CWebApplication->runController('themes/front/vi...')
#1 /home/atrubachev/web/yodezeen/framework/base/CApplication.php(180): CWebApplication->processRequest()
#2 /home/atrubachev/web/yodezeen/index.php(12): CApplication->run()
#3 {main}
REQUEST_URI=/themes/front/video/mainpage.m4v
HTTP_REFERER=http://yodezeen.atrubachev.dev.gns-it.com/
---
2015/04/10 12:56:40 [error] [exception.CHttpException.404] exception 'CHttpException' with message 'Unable to resolve the request "uploads/team/20150401_27_TITUL.png".' in /home/atrubachev/web/yodezeen/framework/web/CWebApplication.php:286
Stack trace:
#0 /home/atrubachev/web/yodezeen/framework/web/CWebApplication.php(141): CWebApplication->runController('uploads/team/20...')
#1 /home/atrubachev/web/yodezeen/framework/base/CApplication.php(180): CWebApplication->processRequest()
#2 /home/atrubachev/web/yodezeen/index.php(12): CApplication->run()
#3 {main}
REQUEST_URI=/uploads/team/20150401_27_TITUL.png
HTTP_REFERER=http://yodezeen.atrubachev.dev.gns-it.com/
---
2015/04/10 12:56:40 [error] [exception.CHttpException.404] exception 'CHttpException' with message 'Unable to resolve the request "uploads/111.jpg".' in /home/atrubachev/web/yodezeen/framework/web/CWebApplication.php:286
Stack trace:
#0 /home/atrubachev/web/yodezeen/framework/web/CWebApplication.php(141): CWebApplication->runController('uploads/111.jpg')
#1 /home/atrubachev/web/yodezeen/framework/base/CApplication.php(180): CWebApplication->processRequest()
#2 /home/atrubachev/web/yodezeen/index.php(12): CApplication->run()
#3 {main}
REQUEST_URI=/uploads/111.jpg
HTTP_REFERER=http://yodezeen.atrubachev.dev.gns-it.com/
---
2015/04/10 12:56:40 [error] [exception.CHttpException.404] exception 'CHttpException' with message 'Unable to resolve the request "themes/front/video/mainpage.webm".' in /home/atrubachev/web/yodezeen/framework/web/CWebApplication.php:286
Stack trace:
#0 /home/atrubachev/web/yodezeen/framework/web/CWebApplication.php(141): CWebApplication->runController('themes/front/vi...')
#1 /home/atrubachev/web/yodezeen/framework/base/CApplication.php(180): CWebApplication->processRequest()
#2 /home/atrubachev/web/yodezeen/index.php(12): CApplication->run()
#3 {main}
REQUEST_URI=/themes/front/video/mainpage.webm
HTTP_REFERER=http://yodezeen.atrubachev.dev.gns-it.com/
---
2015/04/10 12:56:40 [error] [exception.CHttpException.404] exception 'CHttpException' with message 'Unable to resolve the request "themes/front/video/mainpage.ogv".' in /home/atrubachev/web/yodezeen/framework/web/CWebApplication.php:286
Stack trace:
#0 /home/atrubachev/web/yodezeen/framework/web/CWebApplication.php(141): CWebApplication->runController('themes/front/vi...')
#1 /home/atrubachev/web/yodezeen/framework/base/CApplication.php(180): CWebApplication->processRequest()
#2 /home/atrubachev/web/yodezeen/index.php(12): CApplication->run()
#3 {main}
REQUEST_URI=/themes/front/video/mainpage.ogv
HTTP_REFERER=http://yodezeen.atrubachev.dev.gns-it.com/
---
2015/04/10 12:56:45 [error] [exception.CHttpException.404] exception 'CHttpException' with message 'Unable to resolve the request "uploads/projects/20150409_601_111111111.jpg".' in /home/atrubachev/web/yodezeen/framework/web/CWebApplication.php:286
Stack trace:
#0 /home/atrubachev/web/yodezeen/framework/web/CWebApplication.php(141): CWebApplication->runController('uploads/project...')
#1 /home/atrubachev/web/yodezeen/framework/base/CApplication.php(180): CWebApplication->processRequest()
#2 /home/atrubachev/web/yodezeen/index.php(12): CApplication->run()
#3 {main}
REQUEST_URI=/uploads/projects/20150409_601_111111111.jpg
HTTP_REFERER=http://yodezeen.atrubachev.dev.gns-it.com/
---
2015/04/10 12:57:20 [error] [exception.CHttpException.404] exception 'CHttpException' with message 'Unable to resolve the request "uploads/team/20150401_27_TITUL.png".' in /home/atrubachev/web/yodezeen/framework/web/CWebApplication.php:286
Stack trace:
#0 /home/atrubachev/web/yodezeen/framework/web/CWebApplication.php(141): CWebApplication->runController('uploads/team/20...')
#1 /home/atrubachev/web/yodezeen/framework/base/CApplication.php(180): CWebApplication->processRequest()
#2 /home/atrubachev/web/yodezeen/index.php(12): CApplication->run()
#3 {main}
REQUEST_URI=/uploads/team/20150401_27_TITUL.png
HTTP_REFERER=http://yodezeen.atrubachev.dev.gns-it.com/
---
2015/04/10 12:57:20 [error] [exception.CHttpException.404] exception 'CHttpException' with message 'Unable to resolve the request "uploads/111.jpg".' in /home/atrubachev/web/yodezeen/framework/web/CWebApplication.php:286
Stack trace:
#0 /home/atrubachev/web/yodezeen/framework/web/CWebApplication.php(141): CWebApplication->runController('uploads/111.jpg')
#1 /home/atrubachev/web/yodezeen/framework/base/CApplication.php(180): CWebApplication->processRequest()
#2 /home/atrubachev/web/yodezeen/index.php(12): CApplication->run()
#3 {main}
REQUEST_URI=/uploads/111.jpg
HTTP_REFERER=http://yodezeen.atrubachev.dev.gns-it.com/
---
2015/04/10 12:57:20 [error] [exception.CHttpException.404] exception 'CHttpException' with message 'Unable to resolve the request "themes/front/video/mainpage.m4v".' in /home/atrubachev/web/yodezeen/framework/web/CWebApplication.php:286
Stack trace:
#0 /home/atrubachev/web/yodezeen/framework/web/CWebApplication.php(141): CWebApplication->runController('themes/front/vi...')
#1 /home/atrubachev/web/yodezeen/framework/base/CApplication.php(180): CWebApplication->processRequest()
#2 /home/atrubachev/web/yodezeen/index.php(12): CApplication->run()
#3 {main}
REQUEST_URI=/themes/front/video/mainpage.m4v
HTTP_REFERER=http://yodezeen.atrubachev.dev.gns-it.com/
---
2015/04/10 12:57:20 [error] [exception.CHttpException.404] exception 'CHttpException' with message 'Unable to resolve the request "themes/front/video/mainpage.webm".' in /home/atrubachev/web/yodezeen/framework/web/CWebApplication.php:286
Stack trace:
#0 /home/atrubachev/web/yodezeen/framework/web/CWebApplication.php(141): CWebApplication->runController('themes/front/vi...')
#1 /home/atrubachev/web/yodezeen/framework/base/CApplication.php(180): CWebApplication->processRequest()
#2 /home/atrubachev/web/yodezeen/index.php(12): CApplication->run()
#3 {main}
REQUEST_URI=/themes/front/video/mainpage.webm
HTTP_REFERER=http://yodezeen.atrubachev.dev.gns-it.com/
---
2015/04/10 12:57:20 [error] [exception.CHttpException.404] exception 'CHttpException' with message 'Unable to resolve the request "themes/front/video/mainpage.ogv".' in /home/atrubachev/web/yodezeen/framework/web/CWebApplication.php:286
Stack trace:
#0 /home/atrubachev/web/yodezeen/framework/web/CWebApplication.php(141): CWebApplication->runController('themes/front/vi...')
#1 /home/atrubachev/web/yodezeen/framework/base/CApplication.php(180): CWebApplication->processRequest()
#2 /home/atrubachev/web/yodezeen/index.php(12): CApplication->run()
#3 {main}
REQUEST_URI=/themes/front/video/mainpage.ogv
HTTP_REFERER=http://yodezeen.atrubachev.dev.gns-it.com/
---
2015/04/10 12:57:25 [error] [exception.CHttpException.404] exception 'CHttpException' with message 'Unable to resolve the request "uploads/projects/20150409_601_111111111.jpg".' in /home/atrubachev/web/yodezeen/framework/web/CWebApplication.php:286
Stack trace:
#0 /home/atrubachev/web/yodezeen/framework/web/CWebApplication.php(141): CWebApplication->runController('uploads/project...')
#1 /home/atrubachev/web/yodezeen/framework/base/CApplication.php(180): CWebApplication->processRequest()
#2 /home/atrubachev/web/yodezeen/index.php(12): CApplication->run()
#3 {main}
REQUEST_URI=/uploads/projects/20150409_601_111111111.jpg
HTTP_REFERER=http://yodezeen.atrubachev.dev.gns-it.com/
---
2015/04/10 12:57:29 [error] [exception.CHttpException.404] exception 'CHttpException' with message 'Unable to resolve the request "uploads/projects/20150410_280_titul.jpg".' in /home/atrubachev/web/yodezeen/framework/web/CWebApplication.php:286
Stack trace:
#0 /home/atrubachev/web/yodezeen/framework/web/CWebApplication.php(141): CWebApplication->runController('uploads/project...')
#1 /home/atrubachev/web/yodezeen/framework/base/CApplication.php(180): CWebApplication->processRequest()
#2 /home/atrubachev/web/yodezeen/index.php(12): CApplication->run()
#3 {main}
REQUEST_URI=/uploads/projects/20150410_280_titul.jpg
HTTP_REFERER=http://yodezeen.atrubachev.dev.gns-it.com/
---
2015/04/10 12:57:29 [error] [exception.CHttpException.404] exception 'CHttpException' with message 'Unable to resolve the request "uploads/projects/20150403_858_titul.jpg".' in /home/atrubachev/web/yodezeen/framework/web/CWebApplication.php:286
Stack trace:
#0 /home/atrubachev/web/yodezeen/framework/web/CWebApplication.php(141): CWebApplication->runController('uploads/project...')
#1 /home/atrubachev/web/yodezeen/framework/base/CApplication.php(180): CWebApplication->processRequest()
#2 /home/atrubachev/web/yodezeen/index.php(12): CApplication->run()
#3 {main}
REQUEST_URI=/uploads/projects/20150403_858_titul.jpg
HTTP_REFERER=http://yodezeen.atrubachev.dev.gns-it.com/
---
2015/04/10 12:57:33 [error] [exception.CHttpException.404] exception 'CHttpException' with message 'Unable to resolve the request "uploads/projects/20150409_601_111111111.jpg".' in /home/atrubachev/web/yodezeen/framework/web/CWebApplication.php:286
Stack trace:
#0 /home/atrubachev/web/yodezeen/framework/web/CWebApplication.php(141): CWebApplication->runController('uploads/project...')
#1 /home/atrubachev/web/yodezeen/framework/base/CApplication.php(180): CWebApplication->processRequest()
#2 /home/atrubachev/web/yodezeen/index.php(12): CApplication->run()
#3 {main}
REQUEST_URI=/uploads/projects/20150409_601_111111111.jpg
HTTP_REFERER=http://yodezeen.atrubachev.dev.gns-it.com/
---
2015/04/10 12:57:47 [error] [exception.CHttpException.404] exception 'CHttpException' with message 'Unable to resolve the request "images/favicon.png".' in /home/atrubachev/web/yodezeen/framework/web/CWebApplication.php:286
Stack trace:
#0 /home/atrubachev/web/yodezeen/framework/web/CWebApplication.php(141): CWebApplication->runController('images/favicon....')
#1 /home/atrubachev/web/yodezeen/framework/base/CApplication.php(180): CWebApplication->processRequest()
#2 /home/atrubachev/web/yodezeen/index.php(12): CApplication->run()
#3 {main}
REQUEST_URI=/images/favicon.png
---
2015/04/10 12:57:53 [error] [exception.CHttpException.404] exception 'CHttpException' with message 'Unable to resolve the request "themes/admin/images/logo.png".' in /home/atrubachev/web/yodezeen/framework/web/CWebApplication.php:286
Stack trace:
#0 /home/atrubachev/web/yodezeen/framework/web/CWebApplication.php(141): CWebApplication->runController('themes/admin/im...')
#1 /home/atrubachev/web/yodezeen/framework/base/CApplication.php(180): CWebApplication->processRequest()
#2 /home/atrubachev/web/yodezeen/index.php(12): CApplication->run()
#3 {main}
REQUEST_URI=/themes/admin/images/logo.png
HTTP_REFERER=http://yodezeen.atrubachev.dev.gns-it.com/admin/
---
2015/04/10 12:57:58 [error] [exception.CHttpException.404] exception 'CHttpException' with message 'Unable to resolve the request "themes/admin/images/logo.png".' in /home/atrubachev/web/yodezeen/framework/web/CWebApplication.php:286
Stack trace:
#0 /home/atrubachev/web/yodezeen/framework/web/CWebApplication.php(141): CWebApplication->runController('themes/admin/im...')
#1 /home/atrubachev/web/yodezeen/framework/base/CApplication.php(180): CWebApplication->processRequest()
#2 /home/atrubachev/web/yodezeen/index.php(12): CApplication->run()
#3 {main}
REQUEST_URI=/themes/admin/images/logo.png
HTTP_REFERER=http://yodezeen.atrubachev.dev.gns-it.com/admin/
---
2015/04/10 12:58:01 [error] [exception.CHttpException.404] exception 'CHttpException' with message 'Unable to resolve the request "themes/admin/images/logo.png".' in /home/atrubachev/web/yodezeen/framework/web/CWebApplication.php:286
Stack trace:
#0 /home/atrubachev/web/yodezeen/framework/web/CWebApplication.php(141): CWebApplication->runController('themes/admin/im...')
#1 /home/atrubachev/web/yodezeen/framework/base/CApplication.php(180): CWebApplication->processRequest()
#2 /home/atrubachev/web/yodezeen/index.php(12): CApplication->run()
#3 {main}
REQUEST_URI=/themes/admin/images/logo.png
HTTP_REFERER=http://yodezeen.atrubachev.dev.gns-it.com/admin/
---
2015/04/10 12:58:01 [error] [exception.CHttpException.404] exception 'CHttpException' with message 'Unable to resolve the request "themes/admin/images/logo.png".' in /home/atrubachev/web/yodezeen/framework/web/CWebApplication.php:286
Stack trace:
#0 /home/atrubachev/web/yodezeen/framework/web/CWebApplication.php(141): CWebApplication->runController('themes/admin/im...')
#1 /home/atrubachev/web/yodezeen/framework/base/CApplication.php(180): CWebApplication->processRequest()
#2 /home/atrubachev/web/yodezeen/index.php(12): CApplication->run()
#3 {main}
REQUEST_URI=/themes/admin/images/logo.png
HTTP_REFERER=http://yodezeen.atrubachev.dev.gns-it.com/admin/
---
2015/04/10 12:58:30 [error] [exception.CHttpException.404] exception 'CHttpException' with message 'Unable to resolve the request "themes/admin/images/logo.png".' in /home/atrubachev/web/yodezeen/framework/web/CWebApplication.php:286
Stack trace:
#0 /home/atrubachev/web/yodezeen/framework/web/CWebApplication.php(141): CWebApplication->runController('themes/admin/im...')
#1 /home/atrubachev/web/yodezeen/framework/base/CApplication.php(180): CWebApplication->processRequest()
#2 /home/atrubachev/web/yodezeen/index.php(12): CApplication->run()
#3 {main}
REQUEST_URI=/themes/admin/images/logo.png
HTTP_REFERER=http://yodezeen.atrubachev.dev.gns-it.com/admin/projects/
---
2015/04/10 12:58:30 [error] [exception.CHttpException.404] exception 'CHttpException' with message 'Unable to resolve the request "uploads/projects/20150409_601_111111111.jpg".' in /home/atrubachev/web/yodezeen/framework/web/CWebApplication.php:286
Stack trace:
#0 /home/atrubachev/web/yodezeen/framework/web/CWebApplication.php(141): CWebApplication->runController('uploads/project...')
#1 /home/atrubachev/web/yodezeen/framework/base/CApplication.php(180): CWebApplication->processRequest()
#2 /home/atrubachev/web/yodezeen/index.php(12): CApplication->run()
#3 {main}
REQUEST_URI=/uploads/projects/20150409_601_111111111.jpg
HTTP_REFERER=http://yodezeen.atrubachev.dev.gns-it.com/admin/projects/
---
2015/04/10 12:58:30 [error] [exception.CHttpException.404] exception 'CHttpException' with message 'Unable to resolve the request "uploads/projects/20150409_513_presentation-2_0007_Roles-1_0010_Layer 11.jpg".' in /home/atrubachev/web/yodezeen/framework/web/CWebApplication.php:286
Stack trace:
#0 /home/atrubachev/web/yodezeen/framework/web/CWebApplication.php(141): CWebApplication->runController('uploads/project...')
#1 /home/atrubachev/web/yodezeen/framework/base/CApplication.php(180): CWebApplication->processRequest()
#2 /home/atrubachev/web/yodezeen/index.php(12): CApplication->run()
#3 {main}
REQUEST_URI=/uploads/projects/20150409_513_presentation-2_0007_Roles-1_0010_Layer%2011.jpg
HTTP_REFERER=http://yodezeen.atrubachev.dev.gns-it.com/admin/projects/
---
2015/04/10 12:58:30 [error] [exception.CHttpException.404] exception 'CHttpException' with message 'Unable to resolve the request "uploads/projects/20150410_280_titul.jpg".' in /home/atrubachev/web/yodezeen/framework/web/CWebApplication.php:286
Stack trace:
#0 /home/atrubachev/web/yodezeen/framework/web/CWebApplication.php(141): CWebApplication->runController('uploads/project...')
#1 /home/atrubachev/web/yodezeen/framework/base/CApplication.php(180): CWebApplication->processRequest()
#2 /home/atrubachev/web/yodezeen/index.php(12): CApplication->run()
#3 {main}
REQUEST_URI=/uploads/projects/20150410_280_titul.jpg
HTTP_REFERER=http://yodezeen.atrubachev.dev.gns-it.com/admin/projects/
---
2015/04/10 12:58:30 [error] [exception.CHttpException.404] exception 'CHttpException' with message 'Unable to resolve the request "uploads/projects/20150403_858_titul.jpg".' in /home/atrubachev/web/yodezeen/framework/web/CWebApplication.php:286
Stack trace:
#0 /home/atrubachev/web/yodezeen/framework/web/CWebApplication.php(141): CWebApplication->runController('uploads/project...')
#1 /home/atrubachev/web/yodezeen/framework/base/CApplication.php(180): CWebApplication->processRequest()
#2 /home/atrubachev/web/yodezeen/index.php(12): CApplication->run()
#3 {main}
REQUEST_URI=/uploads/projects/20150403_858_titul.jpg
HTTP_REFERER=http://yodezeen.atrubachev.dev.gns-it.com/admin/projects/
---
2015/04/10 12:58:30 [error] [exception.CHttpException.404] exception 'CHttpException' with message 'Unable to resolve the request "themes/admin/images/logo.png".' in /home/atrubachev/web/yodezeen/framework/web/CWebApplication.php:286
Stack trace:
#0 /home/atrubachev/web/yodezeen/framework/web/CWebApplication.php(141): CWebApplication->runController('themes/admin/im...')
#1 /home/atrubachev/web/yodezeen/framework/base/CApplication.php(180): CWebApplication->processRequest()
#2 /home/atrubachev/web/yodezeen/index.php(12): CApplication->run()
#3 {main}
REQUEST_URI=/themes/admin/images/logo.png
HTTP_REFERER=http://yodezeen.atrubachev.dev.gns-it.com/admin/projects/
---
2015/04/10 12:58:42 [error] [exception.CHttpException.404] exception 'CHttpException' with message 'Unable to resolve the request "themes/admin/images/logo.png".' in /home/atrubachev/web/yodezeen/framework/web/CWebApplication.php:286
Stack trace:
#0 /home/atrubachev/web/yodezeen/framework/web/CWebApplication.php(141): CWebApplication->runController('themes/admin/im...')
#1 /home/atrubachev/web/yodezeen/framework/base/CApplication.php(180): CWebApplication->processRequest()
#2 /home/atrubachev/web/yodezeen/index.php(12): CApplication->run()
#3 {main}
REQUEST_URI=/themes/admin/images/logo.png
HTTP_REFERER=http://yodezeen.atrubachev.dev.gns-it.com/admin/projects/update/id/8/
---
2015/04/10 12:58:42 [error] [exception.CHttpException.404] exception 'CHttpException' with message 'Unable to resolve the request "uploads/projects/20150403_858_titul.jpg".' in /home/atrubachev/web/yodezeen/framework/web/CWebApplication.php:286
Stack trace:
#0 /home/atrubachev/web/yodezeen/framework/web/CWebApplication.php(141): CWebApplication->runController('uploads/project...')
#1 /home/atrubachev/web/yodezeen/framework/base/CApplication.php(180): CWebApplication->processRequest()
#2 /home/atrubachev/web/yodezeen/index.php(12): CApplication->run()
#3 {main}
REQUEST_URI=/uploads/projects/20150403_858_titul.jpg
HTTP_REFERER=http://yodezeen.atrubachev.dev.gns-it.com/admin/projects/update/id/8/
---
2015/04/10 12:58:55 [error] [exception.CHttpException.404] exception 'CHttpException' with message 'Unable to resolve the request "uploads/projects/20150403_858_titul.jpg".' in /home/atrubachev/web/yodezeen/framework/web/CWebApplication.php:286
Stack trace:
#0 /home/atrubachev/web/yodezeen/framework/web/CWebApplication.php(141): CWebApplication->runController('uploads/project...')
#1 /home/atrubachev/web/yodezeen/framework/base/CApplication.php(180): CWebApplication->processRequest()
#2 /home/atrubachev/web/yodezeen/index.php(12): CApplication->run()
#3 {main}
REQUEST_URI=/uploads/projects/20150403_858_titul.jpg
HTTP_REFERER=http://yodezeen.atrubachev.dev.gns-it.com/admin/projects/update/id/8/
---
2015/04/10 12:59:11 [warning] [application] Не удалось присвоить небезопасный атрибут "image" класса "Projects".
in /home/atrubachev/web/yodezeen/protected/modules/admin/controllers/ProjectsController.php (53)
in /home/atrubachev/web/yodezeen/protected/modules/admin/components/AdminController.php (77)
in /home/atrubachev/web/yodezeen/index.php (12)
2015/04/10 12:59:11 [error] [exception.CHttpException.404] exception 'CHttpException' with message 'Unable to resolve the request "themes/admin/images/logo.png".' in /home/atrubachev/web/yodezeen/framework/web/CWebApplication.php:286
Stack trace:
#0 /home/atrubachev/web/yodezeen/framework/web/CWebApplication.php(141): CWebApplication->runController('themes/admin/im...')
#1 /home/atrubachev/web/yodezeen/framework/base/CApplication.php(180): CWebApplication->processRequest()
#2 /home/atrubachev/web/yodezeen/index.php(12): CApplication->run()
#3 {main}
REQUEST_URI=/themes/admin/images/logo.png
HTTP_REFERER=http://yodezeen.atrubachev.dev.gns-it.com/admin/projects/update/id/8/
---
2015/04/10 12:59:29 [warning] [application] Не удалось присвоить небезопасный атрибут "image" класса "Projects".
in /home/atrubachev/web/yodezeen/protected/modules/admin/controllers/ProjectsController.php (53)
in /home/atrubachev/web/yodezeen/protected/modules/admin/components/AdminController.php (77)
in /home/atrubachev/web/yodezeen/index.php (12)
2015/04/10 12:59:29 [error] [exception.CHttpException.404] exception 'CHttpException' with message 'Unable to resolve the request "themes/admin/images/logo.png".' in /home/atrubachev/web/yodezeen/framework/web/CWebApplication.php:286
Stack trace:
#0 /home/atrubachev/web/yodezeen/framework/web/CWebApplication.php(141): CWebApplication->runController('themes/admin/im...')
#1 /home/atrubachev/web/yodezeen/framework/base/CApplication.php(180): CWebApplication->processRequest()
#2 /home/atrubachev/web/yodezeen/index.php(12): CApplication->run()
#3 {main}
REQUEST_URI=/themes/admin/images/logo.png
HTTP_REFERER=http://yodezeen.atrubachev.dev.gns-it.com/admin/projects/update/id/8/
---
2015/04/10 12:59:30 [error] [exception.CHttpException.404] exception 'CHttpException' with message 'Unable to resolve the request "themes/admin/images/logo.png".' in /home/atrubachev/web/yodezeen/framework/web/CWebApplication.php:286
Stack trace:
#0 /home/atrubachev/web/yodezeen/framework/web/CWebApplication.php(141): CWebApplication->runController('themes/admin/im...')
#1 /home/atrubachev/web/yodezeen/framework/base/CApplication.php(180): CWebApplication->processRequest()
#2 /home/atrubachev/web/yodezeen/index.php(12): CApplication->run()
#3 {main}
REQUEST_URI=/themes/admin/images/logo.png
HTTP_REFERER=http://yodezeen.atrubachev.dev.gns-it.com/admin/projects/update/id/8/
---
2015/04/10 12:59:52 [warning] [application] Не удалось присвоить небезопасный атрибут "image" класса "Projects".
in /home/atrubachev/web/yodezeen/protected/modules/admin/controllers/ProjectsController.php (53)
in /home/atrubachev/web/yodezeen/protected/modules/admin/components/AdminController.php (77)
in /home/atrubachev/web/yodezeen/index.php (12)
2015/04/10 12:59:52 [error] [exception.CHttpException.404] exception 'CHttpException' with message 'Unable to resolve the request "themes/admin/images/logo.png".' in /home/atrubachev/web/yodezeen/framework/web/CWebApplication.php:286
Stack trace:
#0 /home/atrubachev/web/yodezeen/framework/web/CWebApplication.php(141): CWebApplication->runController('themes/admin/im...')
#1 /home/atrubachev/web/yodezeen/framework/base/CApplication.php(180): CWebApplication->processRequest()
#2 /home/atrubachev/web/yodezeen/index.php(12): CApplication->run()
#3 {main}
REQUEST_URI=/themes/admin/images/logo.png
HTTP_REFERER=http://yodezeen.atrubachev.dev.gns-it.com/admin/projects/update/id/8/
---
2015/04/10 13:01:08 [error] [exception.CHttpException.404] exception 'CHttpException' with message 'Unable to resolve the request "uploads/team/20150401_27_TITUL.png".' in /home/atrubachev/web/yodezeen/framework/web/CWebApplication.php:286
Stack trace:
#0 /home/atrubachev/web/yodezeen/framework/web/CWebApplication.php(141): CWebApplication->runController('uploads/team/20...')
#1 /home/atrubachev/web/yodezeen/framework/base/CApplication.php(180): CWebApplication->processRequest()
#2 /home/atrubachev/web/yodezeen/index.php(12): CApplication->run()
#3 {main}
REQUEST_URI=/uploads/team/20150401_27_TITUL.png
HTTP_REFERER=http://yodezeen.atrubachev.dev.gns-it.com/
---
2015/04/10 13:01:08 [error] [exception.CHttpException.404] exception 'CHttpException' with message 'Unable to resolve the request "uploads/111.jpg".' in /home/atrubachev/web/yodezeen/framework/web/CWebApplication.php:286
Stack trace:
#0 /home/atrubachev/web/yodezeen/framework/web/CWebApplication.php(141): CWebApplication->runController('uploads/111.jpg')
#1 /home/atrubachev/web/yodezeen/framework/base/CApplication.php(180): CWebApplication->processRequest()
#2 /home/atrubachev/web/yodezeen/index.php(12): CApplication->run()
#3 {main}
REQUEST_URI=/uploads/111.jpg
HTTP_REFERER=http://yodezeen.atrubachev.dev.gns-it.com/
---
2015/04/10 13:01:08 [error] [exception.CHttpException.404] exception 'CHttpException' with message 'Unable to resolve the request "themes/front/video/mainpage.m4v".' in /home/atrubachev/web/yodezeen/framework/web/CWebApplication.php:286
Stack trace:
#0 /home/atrubachev/web/yodezeen/framework/web/CWebApplication.php(141): CWebApplication->runController('themes/front/vi...')
#1 /home/atrubachev/web/yodezeen/framework/base/CApplication.php(180): CWebApplication->processRequest()
#2 /home/atrubachev/web/yodezeen/index.php(12): CApplication->run()
#3 {main}
REQUEST_URI=/themes/front/video/mainpage.m4v
HTTP_REFERER=http://yodezeen.atrubachev.dev.gns-it.com/
---
2015/04/10 13:01:08 [error] [exception.CHttpException.404] exception 'CHttpException' with message 'Unable to resolve the request "themes/front/video/mainpage.webm".' in /home/atrubachev/web/yodezeen/framework/web/CWebApplication.php:286
Stack trace:
#0 /home/atrubachev/web/yodezeen/framework/web/CWebApplication.php(141): CWebApplication->runController('themes/front/vi...')
#1 /home/atrubachev/web/yodezeen/framework/base/CApplication.php(180): CWebApplication->processRequest()
#2 /home/atrubachev/web/yodezeen/index.php(12): CApplication->run()
#3 {main}
REQUEST_URI=/themes/front/video/mainpage.webm
HTTP_REFERER=http://yodezeen.atrubachev.dev.gns-it.com/
---
2015/04/10 13:01:08 [error] [exception.CHttpException.404] exception 'CHttpException' with message 'Unable to resolve the request "themes/front/video/mainpage.ogv".' in /home/atrubachev/web/yodezeen/framework/web/CWebApplication.php:286
Stack trace:
#0 /home/atrubachev/web/yodezeen/framework/web/CWebApplication.php(141): CWebApplication->runController('themes/front/vi...')
#1 /home/atrubachev/web/yodezeen/framework/base/CApplication.php(180): CWebApplication->processRequest()
#2 /home/atrubachev/web/yodezeen/index.php(12): CApplication->run()
#3 {main}
REQUEST_URI=/themes/front/video/mainpage.ogv
HTTP_REFERER=http://yodezeen.atrubachev.dev.gns-it.com/
---
2015/04/10 13:01:13 [error] [exception.CHttpException.404] exception 'CHttpException' with message 'Unable to resolve the request "uploads/projects/20150409_601_111111111.jpg".' in /home/atrubachev/web/yodezeen/framework/web/CWebApplication.php:286
Stack trace:
#0 /home/atrubachev/web/yodezeen/framework/web/CWebApplication.php(141): CWebApplication->runController('uploads/project...')
#1 /home/atrubachev/web/yodezeen/framework/base/CApplication.php(180): CWebApplication->processRequest()
#2 /home/atrubachev/web/yodezeen/index.php(12): CApplication->run()
#3 {main}
REQUEST_URI=/uploads/projects/20150409_601_111111111.jpg
HTTP_REFERER=http://yodezeen.atrubachev.dev.gns-it.com/
---
